

============================== 2023-02-07 22:44:29.939640 | 075eb763-d22f-4913-8523-ca3bd7edcf00 ==============================
[0m22:44:29.939640 [info ] [MainThread]: Running with dbt=1.4.1
[0m22:44:29.939640 [debug] [MainThread]: running dbt with arguments {'write_json': True, 'use_colors': True, 'printer_width': 80, 'version_check': True, 'partial_parse': True, 'static_parser': True, 'profiles_dir': 'C:\\Users\\rouan\\.dbt', 'send_anonymous_usage_stats': True, 'quiet': False, 'no_print': False, 'cache_selected_only': False, 'skip_profile_setup': False, 'which': 'init', 'indirect_selection': 'eager'}
[0m22:44:29.939640 [debug] [MainThread]: Tracking: tracking
[0m22:44:29.991885 [debug] [MainThread]: Sending event: {'category': 'dbt', 'action': 'invocation', 'label': 'start', 'context': [<snowplow_tracker.self_describing_json.SelfDescribingJson object at 0x0000026447B38D00>, <snowplow_tracker.self_describing_json.SelfDescribingJson object at 0x0000026447B3B4F0>, <snowplow_tracker.self_describing_json.SelfDescribingJson object at 0x0000026447AD6350>]}
[0m22:44:44.250290 [debug] [MainThread]: Starter project path: C:\Users\rouan\OneDrive\Documents\workspace\GCP\envs\dbt_bq_env\lib\site-packages\dbt\include\starter_project
[0m22:45:38.781924 [info ] [MainThread]: Profile dbt_dataQuality written to C:\Users\rouan\.dbt\profiles.yml using target's profile_template.yml and your supplied values. Run 'dbt debug' to validate the connection.
[0m22:45:38.781924 [info ] [MainThread]: 
Your new dbt project "dbt_dataQuality" was created!

For more information on how to configure the profiles.yml file,
please consult the dbt documentation here:

  https://docs.getdbt.com/docs/configure-your-profile

One more thing:

Need help? Don't hesitate to reach out to us via GitHub issues or on Slack:

  https://community.getdbt.com/

Happy modeling!

[0m22:45:38.790044 [debug] [MainThread]: Sending event: {'category': 'dbt', 'action': 'invocation', 'label': 'end', 'context': [<snowplow_tracker.self_describing_json.SelfDescribingJson object at 0x0000026448CCB6D0>, <snowplow_tracker.self_describing_json.SelfDescribingJson object at 0x0000026449053D60>, <snowplow_tracker.self_describing_json.SelfDescribingJson object at 0x0000026449053E80>]}
[0m22:45:38.798117 [debug] [MainThread]: Flushing usage events


============================== 2023-02-07 22:45:46.094162 | 3457bdd8-d0d2-4f93-8581-e2c79c14d3fc ==============================
[0m22:45:46.094162 [info ] [MainThread]: Running with dbt=1.4.1
[0m22:45:46.094162 [debug] [MainThread]: running dbt with arguments {'write_json': True, 'use_colors': True, 'printer_width': 80, 'version_check': True, 'partial_parse': True, 'static_parser': True, 'profiles_dir': 'C:\\Users\\rouan\\.dbt', 'send_anonymous_usage_stats': True, 'quiet': False, 'no_print': False, 'cache_selected_only': False, 'config_dir': False, 'which': 'debug', 'indirect_selection': 'eager'}
[0m22:45:46.094162 [debug] [MainThread]: Tracking: tracking
[0m22:45:46.157847 [debug] [MainThread]: Sending event: {'category': 'dbt', 'action': 'invocation', 'label': 'start', 'context': [<snowplow_tracker.self_describing_json.SelfDescribingJson object at 0x0000020E2DCC2C80>, <snowplow_tracker.self_describing_json.SelfDescribingJson object at 0x0000020E2DCC0730>, <snowplow_tracker.self_describing_json.SelfDescribingJson object at 0x0000020E2DCC3580>]}
[0m22:45:46.749570 [info ] [MainThread]: Error importing adapter: No module named 'dbt.adapters.databricks'
[0m22:45:46.757719 [info ] [MainThread]: Error importing adapter: No module named 'dbt.adapters.databricks'
[0m22:45:46.757719 [info ] [MainThread]: Error importing adapter: No module named 'dbt.adapters.databricks'
[0m22:45:46.765776 [debug] [MainThread]: Executing "git --help"
[0m22:45:46.892256 [debug] [MainThread]: STDOUT: "b"usage: git [-v | --version] [-h | --help] [-C <path>] [-c <name>=<value>]\n           [--exec-path[=<path>]] [--html-path] [--man-path] [--info-path]\n           [-p | --paginate | -P | --no-pager] [--no-replace-objects] [--bare]\n           [--git-dir=<path>] [--work-tree=<path>] [--namespace=<name>]\n           [--super-prefix=<path>] [--config-env=<name>=<envvar>]\n           <command> [<args>]\n\nThese are common Git commands used in various situations:\n\nstart a working area (see also: git help tutorial)\n   clone     Clone a repository into a new directory\n   init      Create an empty Git repository or reinitialize an existing one\n\nwork on the current change (see also: git help everyday)\n   add       Add file contents to the index\n   mv        Move or rename a file, a directory, or a symlink\n   restore   Restore working tree files\n   rm        Remove files from the working tree and from the index\n\nexamine the history and state (see also: git help revisions)\n   bisect    Use binary search to find the commit that introduced a bug\n   diff      Show changes between commits, commit and working tree, etc\n   grep      Print lines matching a pattern\n   log       Show commit logs\n   show      Show various types of objects\n   status    Show the working tree status\n\ngrow, mark and tweak your common history\n   branch    List, create, or delete branches\n   commit    Record changes to the repository\n   merge     Join two or more development histories together\n   rebase    Reapply commits on top of another base tip\n   reset     Reset current HEAD to the specified state\n   switch    Switch branches\n   tag       Create, list, delete or verify a tag object signed with GPG\n\ncollaborate (see also: git help workflows)\n   fetch     Download objects and refs from another repository\n   pull      Fetch from and integrate with another repository or a local branch\n   push      Update remote refs along with associated objects\n\n'git help -a' and 'git help -g' list available subcommands and some\nconcept guides. See 'git help <command>' or 'git help <concept>'\nto read about a specific subcommand or concept.\nSee 'git help git' for an overview of the system.\n""
[0m22:45:46.892256 [debug] [MainThread]: STDERR: "b''"
[0m22:45:46.899022 [debug] [MainThread]: Sending event: {'category': 'dbt', 'action': 'invocation', 'label': 'end', 'context': [<snowplow_tracker.self_describing_json.SelfDescribingJson object at 0x0000020E2DCC34F0>, <snowplow_tracker.self_describing_json.SelfDescribingJson object at 0x0000020E2B2F9870>, <snowplow_tracker.self_describing_json.SelfDescribingJson object at 0x0000020E2B2FA380>]}
[0m22:45:46.899022 [debug] [MainThread]: Flushing usage events


============================== 2023-02-08 09:25:15.682267 | b6ae42b2-c93a-40dd-b799-ce1879a4ecac ==============================
[0m09:25:15.682267 [info ] [MainThread]: Running with dbt=1.3.0
[0m09:25:15.682762 [debug] [MainThread]: running dbt with arguments {'write_json': True, 'use_colors': True, 'printer_width': 80, 'version_check': True, 'partial_parse': True, 'static_parser': True, 'profiles_dir': 'C:\\Users\\rouan\\.dbt', 'send_anonymous_usage_stats': True, 'event_buffer_size': 100000, 'quiet': False, 'no_print': False, 'config_dir': False, 'which': 'debug', 'indirect_selection': 'eager'}
[0m09:25:15.682762 [debug] [MainThread]: Tracking: tracking
[0m09:25:15.725649 [debug] [MainThread]: Sending event: {'category': 'dbt', 'action': 'invocation', 'label': 'start', 'context': [<snowplow_tracker.self_describing_json.SelfDescribingJson object at 0x000002EDEEBB70D0>, <snowplow_tracker.self_describing_json.SelfDescribingJson object at 0x000002EDEEBB7970>, <snowplow_tracker.self_describing_json.SelfDescribingJson object at 0x000002EDEEBB7310>]}
[0m09:25:15.732900 [info ] [MainThread]: Error importing adapter: No module named 'dbt.adapters.bigquery'
[0m09:25:18.332402 [debug] [MainThread]: Executing "git --help"
[0m09:25:18.452421 [debug] [MainThread]: STDOUT: "b"usage: git [-v | --version] [-h | --help] [-C <path>] [-c <name>=<value>]\n           [--exec-path[=<path>]] [--html-path] [--man-path] [--info-path]\n           [-p | --paginate | -P | --no-pager] [--no-replace-objects] [--bare]\n           [--git-dir=<path>] [--work-tree=<path>] [--namespace=<name>]\n           [--super-prefix=<path>] [--config-env=<name>=<envvar>]\n           <command> [<args>]\n\nThese are common Git commands used in various situations:\n\nstart a working area (see also: git help tutorial)\n   clone     Clone a repository into a new directory\n   init      Create an empty Git repository or reinitialize an existing one\n\nwork on the current change (see also: git help everyday)\n   add       Add file contents to the index\n   mv        Move or rename a file, a directory, or a symlink\n   restore   Restore working tree files\n   rm        Remove files from the working tree and from the index\n\nexamine the history and state (see also: git help revisions)\n   bisect    Use binary search to find the commit that introduced a bug\n   diff      Show changes between commits, commit and working tree, etc\n   grep      Print lines matching a pattern\n   log       Show commit logs\n   show      Show various types of objects\n   status    Show the working tree status\n\ngrow, mark and tweak your common history\n   branch    List, create, or delete branches\n   commit    Record changes to the repository\n   merge     Join two or more development histories together\n   rebase    Reapply commits on top of another base tip\n   reset     Reset current HEAD to the specified state\n   switch    Switch branches\n   tag       Create, list, delete or verify a tag object signed with GPG\n\ncollaborate (see also: git help workflows)\n   fetch     Download objects and refs from another repository\n   pull      Fetch from and integrate with another repository or a local branch\n   push      Update remote refs along with associated objects\n\n'git help -a' and 'git help -g' list available subcommands and some\nconcept guides. See 'git help <command>' or 'git help <concept>'\nto read about a specific subcommand or concept.\nSee 'git help git' for an overview of the system.\n""
[0m09:25:18.454425 [debug] [MainThread]: STDERR: "b''"
[0m09:25:18.456918 [debug] [MainThread]: Sending event: {'category': 'dbt', 'action': 'invocation', 'label': 'end', 'context': [<snowplow_tracker.self_describing_json.SelfDescribingJson object at 0x000002EDFF69B040>, <snowplow_tracker.self_describing_json.SelfDescribingJson object at 0x000002EDFF69B4C0>, <snowplow_tracker.self_describing_json.SelfDescribingJson object at 0x000002EDFF69A0E0>]}
[0m09:25:18.457415 [debug] [MainThread]: Flushing usage events


============================== 2023-03-13 10:06:40.444338 | 156f1073-364c-4842-b959-95c714d3de5f ==============================
[0m10:06:40.444338 [info ] [MainThread]: Running with dbt=1.3.0
[0m10:06:40.449124 [debug] [MainThread]: running dbt with arguments {'write_json': True, 'use_colors': True, 'printer_width': 80, 'version_check': True, 'partial_parse': True, 'static_parser': True, 'profiles_dir': 'C:\\Users\\rouan\\.dbt', 'send_anonymous_usage_stats': True, 'event_buffer_size': 100000, 'quiet': False, 'no_print': False, 'config_dir': False, 'which': 'debug', 'indirect_selection': 'eager'}
[0m10:06:40.451127 [debug] [MainThread]: Tracking: tracking
[0m10:06:40.525817 [debug] [MainThread]: Sending event: {'category': 'dbt', 'action': 'invocation', 'label': 'start', 'context': [<snowplow_tracker.self_describing_json.SelfDescribingJson object at 0x000001BAA3607490>, <snowplow_tracker.self_describing_json.SelfDescribingJson object at 0x000001BAA36079A0>, <snowplow_tracker.self_describing_json.SelfDescribingJson object at 0x000001BAA3607580>]}
[0m10:06:40.542048 [info ] [MainThread]: Error importing adapter: No module named 'dbt.adapters.bigquery'
[0m10:06:45.129090 [debug] [MainThread]: Executing "git --help"
[0m10:06:45.444530 [debug] [MainThread]: STDOUT: "b"usage: git [-v | --version] [-h | --help] [-C <path>] [-c <name>=<value>]\n           [--exec-path[=<path>]] [--html-path] [--man-path] [--info-path]\n           [-p | --paginate | -P | --no-pager] [--no-replace-objects] [--bare]\n           [--git-dir=<path>] [--work-tree=<path>] [--namespace=<name>]\n           [--super-prefix=<path>] [--config-env=<name>=<envvar>]\n           <command> [<args>]\n\nThese are common Git commands used in various situations:\n\nstart a working area (see also: git help tutorial)\n   clone     Clone a repository into a new directory\n   init      Create an empty Git repository or reinitialize an existing one\n\nwork on the current change (see also: git help everyday)\n   add       Add file contents to the index\n   mv        Move or rename a file, a directory, or a symlink\n   restore   Restore working tree files\n   rm        Remove files from the working tree and from the index\n\nexamine the history and state (see also: git help revisions)\n   bisect    Use binary search to find the commit that introduced a bug\n   diff      Show changes between commits, commit and working tree, etc\n   grep      Print lines matching a pattern\n   log       Show commit logs\n   show      Show various types of objects\n   status    Show the working tree status\n\ngrow, mark and tweak your common history\n   branch    List, create, or delete branches\n   commit    Record changes to the repository\n   merge     Join two or more development histories together\n   rebase    Reapply commits on top of another base tip\n   reset     Reset current HEAD to the specified state\n   switch    Switch branches\n   tag       Create, list, delete or verify a tag object signed with GPG\n\ncollaborate (see also: git help workflows)\n   fetch     Download objects and refs from another repository\n   pull      Fetch from and integrate with another repository or a local branch\n   push      Update remote refs along with associated objects\n\n'git help -a' and 'git help -g' list available subcommands and some\nconcept guides. See 'git help <command>' or 'git help <concept>'\nto read about a specific subcommand or concept.\nSee 'git help git' for an overview of the system.\n""
[0m10:06:45.445884 [debug] [MainThread]: STDERR: "b''"
[0m10:06:45.450641 [debug] [MainThread]: Sending event: {'category': 'dbt', 'action': 'invocation', 'label': 'end', 'context': [<snowplow_tracker.self_describing_json.SelfDescribingJson object at 0x000001BAB40FB1C0>, <snowplow_tracker.self_describing_json.SelfDescribingJson object at 0x000001BAB40FB6D0>, <snowplow_tracker.self_describing_json.SelfDescribingJson object at 0x000001BAB40FA1D0>]}
[0m10:06:45.451299 [debug] [MainThread]: Flushing usage events


============================== 2023-03-13 15:05:00.107255 | 914574c1-fb49-4f3d-b088-d0d0b83659f4 ==============================
[0m15:05:00.107255 [info ] [MainThread]: Running with dbt=1.4.1
[0m15:05:00.119474 [debug] [MainThread]: running dbt with arguments {'write_json': True, 'use_colors': True, 'printer_width': 80, 'version_check': True, 'partial_parse': True, 'static_parser': True, 'profiles_dir': 'C:\\Users\\rouan\\.dbt', 'send_anonymous_usage_stats': True, 'quiet': False, 'no_print': False, 'cache_selected_only': False, 'config_dir': False, 'which': 'debug', 'indirect_selection': 'eager'}
[0m15:05:00.120473 [debug] [MainThread]: Tracking: tracking
[0m15:05:00.171491 [debug] [MainThread]: Sending event: {'category': 'dbt', 'action': 'invocation', 'label': 'start', 'context': [<snowplow_tracker.self_describing_json.SelfDescribingJson object at 0x00000186BE812B30>, <snowplow_tracker.self_describing_json.SelfDescribingJson object at 0x00000186BE8104C0>, <snowplow_tracker.self_describing_json.SelfDescribingJson object at 0x00000186BE813430>]}
[0m15:05:01.319802 [info ] [MainThread]: Error importing adapter: No module named 'dbt.adapters.databricks'
[0m15:05:01.324700 [info ] [MainThread]: Error importing adapter: No module named 'dbt.adapters.databricks'
[0m15:05:01.330110 [info ] [MainThread]: Error importing adapter: No module named 'dbt.adapters.databricks'
[0m15:05:01.336907 [debug] [MainThread]: Executing "git --help"
[0m15:05:01.493316 [debug] [MainThread]: STDOUT: "b"usage: git [-v | --version] [-h | --help] [-C <path>] [-c <name>=<value>]\n           [--exec-path[=<path>]] [--html-path] [--man-path] [--info-path]\n           [-p | --paginate | -P | --no-pager] [--no-replace-objects] [--bare]\n           [--git-dir=<path>] [--work-tree=<path>] [--namespace=<name>]\n           [--super-prefix=<path>] [--config-env=<name>=<envvar>]\n           <command> [<args>]\n\nThese are common Git commands used in various situations:\n\nstart a working area (see also: git help tutorial)\n   clone     Clone a repository into a new directory\n   init      Create an empty Git repository or reinitialize an existing one\n\nwork on the current change (see also: git help everyday)\n   add       Add file contents to the index\n   mv        Move or rename a file, a directory, or a symlink\n   restore   Restore working tree files\n   rm        Remove files from the working tree and from the index\n\nexamine the history and state (see also: git help revisions)\n   bisect    Use binary search to find the commit that introduced a bug\n   diff      Show changes between commits, commit and working tree, etc\n   grep      Print lines matching a pattern\n   log       Show commit logs\n   show      Show various types of objects\n   status    Show the working tree status\n\ngrow, mark and tweak your common history\n   branch    List, create, or delete branches\n   commit    Record changes to the repository\n   merge     Join two or more development histories together\n   rebase    Reapply commits on top of another base tip\n   reset     Reset current HEAD to the specified state\n   switch    Switch branches\n   tag       Create, list, delete or verify a tag object signed with GPG\n\ncollaborate (see also: git help workflows)\n   fetch     Download objects and refs from another repository\n   pull      Fetch from and integrate with another repository or a local branch\n   push      Update remote refs along with associated objects\n\n'git help -a' and 'git help -g' list available subcommands and some\nconcept guides. See 'git help <command>' or 'git help <concept>'\nto read about a specific subcommand or concept.\nSee 'git help git' for an overview of the system.\n""
[0m15:05:01.493316 [debug] [MainThread]: STDERR: "b''"
[0m15:05:01.498662 [debug] [MainThread]: Sending event: {'category': 'dbt', 'action': 'invocation', 'label': 'end', 'context': [<snowplow_tracker.self_describing_json.SelfDescribingJson object at 0x00000186BE8133A0>, <snowplow_tracker.self_describing_json.SelfDescribingJson object at 0x00000186BBDA9B10>, <snowplow_tracker.self_describing_json.SelfDescribingJson object at 0x00000186BBDA9360>]}
[0m15:05:01.498958 [debug] [MainThread]: Flushing usage events


============================== 2023-03-14 09:01:40.045551 | 98f722f6-b477-489e-983c-1f414bc0f1d4 ==============================
[0m09:01:40.046551 [info ] [MainThread]: Running with dbt=1.3.0
[0m09:01:40.048546 [debug] [MainThread]: running dbt with arguments {'write_json': True, 'use_colors': True, 'printer_width': 80, 'version_check': True, 'partial_parse': True, 'static_parser': True, 'profiles_dir': 'C:\\Users\\rouan\\.dbt', 'send_anonymous_usage_stats': True, 'event_buffer_size': 100000, 'quiet': False, 'no_print': False, 'config_dir': False, 'which': 'debug', 'indirect_selection': 'eager'}
[0m09:01:40.050196 [debug] [MainThread]: Tracking: tracking
[0m09:01:40.105996 [debug] [MainThread]: Sending event: {'category': 'dbt', 'action': 'invocation', 'label': 'start', 'context': [<snowplow_tracker.self_describing_json.SelfDescribingJson object at 0x0000014B60AF74F0>, <snowplow_tracker.self_describing_json.SelfDescribingJson object at 0x0000014B60AF7A00>, <snowplow_tracker.self_describing_json.SelfDescribingJson object at 0x0000014B60AF7490>]}
[0m09:01:40.114310 [info ] [MainThread]: Error importing adapter: No module named 'dbt.adapters.bigquery'
[0m09:01:43.133151 [debug] [MainThread]: Executing "git --help"
[0m09:01:43.378892 [debug] [MainThread]: STDOUT: "b"usage: git [-v | --version] [-h | --help] [-C <path>] [-c <name>=<value>]\n           [--exec-path[=<path>]] [--html-path] [--man-path] [--info-path]\n           [-p | --paginate | -P | --no-pager] [--no-replace-objects] [--bare]\n           [--git-dir=<path>] [--work-tree=<path>] [--namespace=<name>]\n           [--super-prefix=<path>] [--config-env=<name>=<envvar>]\n           <command> [<args>]\n\nThese are common Git commands used in various situations:\n\nstart a working area (see also: git help tutorial)\n   clone     Clone a repository into a new directory\n   init      Create an empty Git repository or reinitialize an existing one\n\nwork on the current change (see also: git help everyday)\n   add       Add file contents to the index\n   mv        Move or rename a file, a directory, or a symlink\n   restore   Restore working tree files\n   rm        Remove files from the working tree and from the index\n\nexamine the history and state (see also: git help revisions)\n   bisect    Use binary search to find the commit that introduced a bug\n   diff      Show changes between commits, commit and working tree, etc\n   grep      Print lines matching a pattern\n   log       Show commit logs\n   show      Show various types of objects\n   status    Show the working tree status\n\ngrow, mark and tweak your common history\n   branch    List, create, or delete branches\n   commit    Record changes to the repository\n   merge     Join two or more development histories together\n   rebase    Reapply commits on top of another base tip\n   reset     Reset current HEAD to the specified state\n   switch    Switch branches\n   tag       Create, list, delete or verify a tag object signed with GPG\n\ncollaborate (see also: git help workflows)\n   fetch     Download objects and refs from another repository\n   pull      Fetch from and integrate with another repository or a local branch\n   push      Update remote refs along with associated objects\n\n'git help -a' and 'git help -g' list available subcommands and some\nconcept guides. See 'git help <command>' or 'git help <concept>'\nto read about a specific subcommand or concept.\nSee 'git help git' for an overview of the system.\n""
[0m09:01:43.381391 [debug] [MainThread]: STDERR: "b''"
[0m09:01:43.428325 [debug] [MainThread]: Sending event: {'category': 'dbt', 'action': 'invocation', 'label': 'end', 'context': [<snowplow_tracker.self_describing_json.SelfDescribingJson object at 0x0000014B715DB1C0>, <snowplow_tracker.self_describing_json.SelfDescribingJson object at 0x0000014B715DB6A0>, <snowplow_tracker.self_describing_json.SelfDescribingJson object at 0x0000014B715DA1D0>]}
[0m09:01:43.429415 [debug] [MainThread]: Flushing usage events


============================== 2023-03-14 09:03:55.416668 | f22f758b-2a3c-443f-88f0-5595c1c9eda2 ==============================
[0m09:03:55.416668 [info ] [MainThread]: Running with dbt=1.4.5
[0m09:03:55.419222 [debug] [MainThread]: running dbt with arguments {'write_json': True, 'use_colors': True, 'printer_width': 80, 'version_check': True, 'partial_parse': True, 'static_parser': True, 'profiles_dir': 'C:\\Users\\rouan\\.dbt', 'send_anonymous_usage_stats': True, 'quiet': False, 'no_print': False, 'cache_selected_only': False, 'config_dir': False, 'which': 'debug', 'indirect_selection': 'eager'}
[0m09:03:55.419222 [debug] [MainThread]: Tracking: tracking
[0m09:03:55.492768 [debug] [MainThread]: Sending event: {'category': 'dbt', 'action': 'invocation', 'label': 'start', 'context': [<snowplow_tracker.self_describing_json.SelfDescribingJson object at 0x0000019A742E5960>, <snowplow_tracker.self_describing_json.SelfDescribingJson object at 0x0000019A742E6230>, <snowplow_tracker.self_describing_json.SelfDescribingJson object at 0x0000019A742E6B90>]}
[0m09:03:56.883546 [debug] [MainThread]: Sending event: {'category': 'dbt', 'action': 'invocation', 'label': 'end', 'context': [<snowplow_tracker.self_describing_json.SelfDescribingJson object at 0x0000019A742E6290>, <snowplow_tracker.self_describing_json.SelfDescribingJson object at 0x0000019A7113CE20>, <snowplow_tracker.self_describing_json.SelfDescribingJson object at 0x0000019A0565A950>]}
[0m09:03:56.884588 [debug] [MainThread]: Flushing usage events
[0m09:03:57.550033 [error] [MainThread]: Encountered an error:
cannot import name 'RuntimeException' from 'dbt.exceptions' (C:\Users\rouan\AppData\Roaming\Python\Python310\site-packages\dbt\exceptions.py)
[0m09:03:57.618459 [error] [MainThread]: Traceback (most recent call last):
  File "C:\Users\rouan\AppData\Roaming\Python\Python310\site-packages\dbt\main.py", line 136, in main
    results, succeeded = handle_and_check(args)
  File "C:\Users\rouan\AppData\Roaming\Python\Python310\site-packages\dbt\main.py", line 206, in handle_and_check
    task, res = run_from_args(parsed)
  File "C:\Users\rouan\AppData\Roaming\Python\Python310\site-packages\dbt\main.py", line 253, in run_from_args
    results = task.run()
  File "C:\Users\rouan\AppData\Roaming\Python\Python310\site-packages\dbt\task\debug.py", line 109, in run
    self.test_configuration()
  File "C:\Users\rouan\AppData\Roaming\Python\Python310\site-packages\dbt\task\debug.py", line 281, in test_configuration
    profile_status = self._load_profile()
  File "C:\Users\rouan\AppData\Roaming\Python\Python310\site-packages\dbt\task\debug.py", line 252, in _load_profile
    profile: Profile = Profile.render_from_args(self.args, renderer, profile_name)
  File "C:\Users\rouan\AppData\Roaming\Python\Python310\site-packages\dbt\config\profile.py", line 428, in render_from_args
    return cls.from_raw_profiles(
  File "C:\Users\rouan\AppData\Roaming\Python\Python310\site-packages\dbt\config\profile.py", line 394, in from_raw_profiles
    return cls.from_raw_profile_info(
  File "C:\Users\rouan\AppData\Roaming\Python\Python310\site-packages\dbt\config\profile.py", line 348, in from_raw_profile_info
    credentials: Credentials = cls._credentials_from_profile(
  File "C:\Users\rouan\AppData\Roaming\Python\Python310\site-packages\dbt\config\profile.py", line 181, in _credentials_from_profile
    cls = load_plugin(typename)
  File "C:\Users\rouan\AppData\Roaming\Python\Python310\site-packages\dbt\adapters\factory.py", line 202, in load_plugin
    return FACTORY.load_plugin(name)
  File "C:\Users\rouan\AppData\Roaming\Python\Python310\site-packages\dbt\adapters\factory.py", line 57, in load_plugin
    mod: Any = import_module("." + name, "dbt.adapters")
  File "C:\Program Files\Python310\lib\importlib\__init__.py", line 126, in import_module
    return _bootstrap._gcd_import(name[level:], package, level)
  File "<frozen importlib._bootstrap>", line 1050, in _gcd_import
  File "<frozen importlib._bootstrap>", line 1027, in _find_and_load
  File "<frozen importlib._bootstrap>", line 1006, in _find_and_load_unlocked
  File "<frozen importlib._bootstrap>", line 688, in _load_unlocked
  File "<frozen importlib._bootstrap_external>", line 883, in exec_module
  File "<frozen importlib._bootstrap>", line 241, in _call_with_frames_removed
  File "C:\Users\rouan\AppData\Roaming\Python\Python310\site-packages\dbt\adapters\databricks\__init__.py", line 1, in <module>
    from dbt.adapters.databricks.connections import DatabricksConnectionManager  # noqa
  File "C:\Users\rouan\AppData\Roaming\Python\Python310\site-packages\dbt\adapters\databricks\connections.py", line 42, in <module>
    from dbt.adapters.spark.connections import SparkConnectionManager, _is_retryable_error
  File "C:\Users\rouan\AppData\Roaming\Python\Python310\site-packages\dbt\adapters\spark\__init__.py", line 3, in <module>
    from dbt.adapters.spark.relation import SparkRelation  # noqa
  File "C:\Users\rouan\AppData\Roaming\Python\Python310\site-packages\dbt\adapters\spark\relation.py", line 6, in <module>
    from dbt.exceptions import RuntimeException
ImportError: cannot import name 'RuntimeException' from 'dbt.exceptions' (C:\Users\rouan\AppData\Roaming\Python\Python310\site-packages\dbt\exceptions.py)

